Analysis & Synthesis report for Features_Monitor
Wed Oct  2 15:53:41 2024
Quartus Prime Version 20.1.1 Build 720 11/11/2020 SJ Lite Edition


---------------------
; Table of Contents ;
---------------------
  1. Legal Notice
  2. Analysis & Synthesis Summary
  3. Analysis & Synthesis Settings
  4. Parallel Compilation
  5. Analysis & Synthesis Source Files Read
  6. Analysis & Synthesis Resource Usage Summary
  7. Analysis & Synthesis Resource Utilization by Entity
  8. User-Specified and Inferred Latches
  9. General Register Statistics
 10. Multiplexer Restructuring Statistics (Restructuring Performed)
 11. Post-Synthesis Netlist Statistics for Top Partition
 12. Elapsed Time Per Partition
 13. Analysis & Synthesis Messages



----------------
; Legal Notice ;
----------------
Copyright (C) 2020  Intel Corporation. All rights reserved.
Your use of Intel Corporation's design tools, logic functions 
and other software and tools, and any partner logic 
functions, and any output files from any of the foregoing 
(including device programming or simulation files), and any 
associated documentation or information are expressly subject 
to the terms and conditions of the Intel Program License 
Subscription Agreement, the Intel Quartus Prime License Agreement,
the Intel FPGA IP License Agreement, or other applicable license
agreement, including, without limitation, that your use is for
the sole purpose of programming logic devices manufactured by
Intel and sold by Intel or its authorized distributors.  Please
refer to the applicable agreement for further details, at
https://fpgasoftware.intel.com/eula.



+----------------------------------------------------------------------------------+
; Analysis & Synthesis Summary                                                     ;
+------------------------------------+---------------------------------------------+
; Analysis & Synthesis Status        ; Successful - Wed Oct  2 15:53:41 2024       ;
; Quartus Prime Version              ; 20.1.1 Build 720 11/11/2020 SJ Lite Edition ;
; Revision Name                      ; Features_Monitor                            ;
; Top-level Entity Name              ; input_control                               ;
; Family                             ; Cyclone IV E                                ;
; Total logic elements               ; 27                                          ;
;     Total combinational functions  ; 27                                          ;
;     Dedicated logic registers      ; 0                                           ;
; Total registers                    ; 0                                           ;
; Total pins                         ; 35                                          ;
; Total virtual pins                 ; 0                                           ;
; Total memory bits                  ; 0                                           ;
; Embedded Multiplier 9-bit elements ; 0                                           ;
; Total PLLs                         ; 0                                           ;
+------------------------------------+---------------------------------------------+


+------------------------------------------------------------------------------------------------------------+
; Analysis & Synthesis Settings                                                                              ;
+------------------------------------------------------------------+--------------------+--------------------+
; Option                                                           ; Setting            ; Default Value      ;
+------------------------------------------------------------------+--------------------+--------------------+
; Device                                                           ; EP4CE115F29C7      ;                    ;
; Top-level entity name                                            ; input_control      ; Features_Monitor   ;
; Family name                                                      ; Cyclone IV E       ; Cyclone V          ;
; Use smart compilation                                            ; Off                ; Off                ;
; Enable parallel Assembler and Timing Analyzer during compilation ; On                 ; On                 ;
; Enable compact report table                                      ; Off                ; Off                ;
; Restructure Multiplexers                                         ; Auto               ; Auto               ;
; Create Debugging Nodes for IP Cores                              ; Off                ; Off                ;
; Preserve fewer node names                                        ; On                 ; On                 ;
; Intel FPGA IP Evaluation Mode                                    ; Enable             ; Enable             ;
; Verilog Version                                                  ; Verilog_2001       ; Verilog_2001       ;
; VHDL Version                                                     ; VHDL_1993          ; VHDL_1993          ;
; State Machine Processing                                         ; Auto               ; Auto               ;
; Safe State Machine                                               ; Off                ; Off                ;
; Extract Verilog State Machines                                   ; On                 ; On                 ;
; Extract VHDL State Machines                                      ; On                 ; On                 ;
; Ignore Verilog initial constructs                                ; Off                ; Off                ;
; Iteration limit for constant Verilog loops                       ; 5000               ; 5000               ;
; Iteration limit for non-constant Verilog loops                   ; 250                ; 250                ;
; Add Pass-Through Logic to Inferred RAMs                          ; On                 ; On                 ;
; Infer RAMs from Raw Logic                                        ; On                 ; On                 ;
; Parallel Synthesis                                               ; On                 ; On                 ;
; DSP Block Balancing                                              ; Auto               ; Auto               ;
; NOT Gate Push-Back                                               ; On                 ; On                 ;
; Power-Up Don't Care                                              ; On                 ; On                 ;
; Remove Redundant Logic Cells                                     ; Off                ; Off                ;
; Remove Duplicate Registers                                       ; On                 ; On                 ;
; Ignore CARRY Buffers                                             ; Off                ; Off                ;
; Ignore CASCADE Buffers                                           ; Off                ; Off                ;
; Ignore GLOBAL Buffers                                            ; Off                ; Off                ;
; Ignore ROW GLOBAL Buffers                                        ; Off                ; Off                ;
; Ignore LCELL Buffers                                             ; Off                ; Off                ;
; Ignore SOFT Buffers                                              ; On                 ; On                 ;
; Limit AHDL Integers to 32 Bits                                   ; Off                ; Off                ;
; Optimization Technique                                           ; Balanced           ; Balanced           ;
; Carry Chain Length                                               ; 70                 ; 70                 ;
; Auto Carry Chains                                                ; On                 ; On                 ;
; Auto Open-Drain Pins                                             ; On                 ; On                 ;
; Perform WYSIWYG Primitive Resynthesis                            ; Off                ; Off                ;
; Auto ROM Replacement                                             ; On                 ; On                 ;
; Auto RAM Replacement                                             ; On                 ; On                 ;
; Auto DSP Block Replacement                                       ; On                 ; On                 ;
; Auto Shift Register Replacement                                  ; Auto               ; Auto               ;
; Allow Shift Register Merging across Hierarchies                  ; Auto               ; Auto               ;
; Auto Clock Enable Replacement                                    ; On                 ; On                 ;
; Strict RAM Replacement                                           ; Off                ; Off                ;
; Allow Synchronous Control Signals                                ; On                 ; On                 ;
; Force Use of Synchronous Clear Signals                           ; Off                ; Off                ;
; Auto RAM Block Balancing                                         ; On                 ; On                 ;
; Auto RAM to Logic Cell Conversion                                ; Off                ; Off                ;
; Auto Resource Sharing                                            ; Off                ; Off                ;
; Allow Any RAM Size For Recognition                               ; Off                ; Off                ;
; Allow Any ROM Size For Recognition                               ; Off                ; Off                ;
; Allow Any Shift Register Size For Recognition                    ; Off                ; Off                ;
; Use LogicLock Constraints during Resource Balancing              ; On                 ; On                 ;
; Ignore translate_off and synthesis_off directives                ; Off                ; Off                ;
; Timing-Driven Synthesis                                          ; On                 ; On                 ;
; Report Parameter Settings                                        ; On                 ; On                 ;
; Report Source Assignments                                        ; On                 ; On                 ;
; Report Connectivity Checks                                       ; On                 ; On                 ;
; Ignore Maximum Fan-Out Assignments                               ; Off                ; Off                ;
; Synchronization Register Chain Length                            ; 2                  ; 2                  ;
; Power Optimization During Synthesis                              ; Normal compilation ; Normal compilation ;
; HDL message level                                                ; Level2             ; Level2             ;
; Suppress Register Optimization Related Messages                  ; Off                ; Off                ;
; Number of Removed Registers Reported in Synthesis Report         ; 5000               ; 5000               ;
; Number of Swept Nodes Reported in Synthesis Report               ; 5000               ; 5000               ;
; Number of Inverted Registers Reported in Synthesis Report        ; 100                ; 100                ;
; Clock MUX Protection                                             ; On                 ; On                 ;
; Auto Gated Clock Conversion                                      ; Off                ; Off                ;
; Block Design Naming                                              ; Auto               ; Auto               ;
; SDC constraint protection                                        ; Off                ; Off                ;
; Synthesis Effort                                                 ; Auto               ; Auto               ;
; Shift Register Replacement - Allow Asynchronous Clear Signal     ; On                 ; On                 ;
; Pre-Mapping Resynthesis Optimization                             ; Off                ; Off                ;
; Analysis & Synthesis Message Level                               ; Medium             ; Medium             ;
; Disable Register Merging Across Hierarchies                      ; Auto               ; Auto               ;
; Resource Aware Inference For Block RAM                           ; On                 ; On                 ;
+------------------------------------------------------------------+--------------------+--------------------+


+------------------------------------------+
; Parallel Compilation                     ;
+----------------------------+-------------+
; Processors                 ; Number      ;
+----------------------------+-------------+
; Number detected on machine ; 8           ;
; Maximum allowed            ; 4           ;
;                            ;             ;
; Average used               ; 1.00        ;
; Maximum used               ; 1           ;
;                            ;             ;
; Usage by Processor         ; % Time Used ;
;     Processor 1            ; 100.0%      ;
+----------------------------+-------------+


+--------------------------------------------------------------------------------------------------------------------------------------+
; Analysis & Synthesis Source Files Read                                                                                               ;
+----------------------------------+-----------------+-----------------+-----------------------------------------------------+---------+
; File Name with User-Entered Path ; Used in Netlist ; File Type       ; File Name with Absolute Path                        ; Library ;
+----------------------------------+-----------------+-----------------+-----------------------------------------------------+---------+
; input_control.vhd                ; yes             ; User VHDL File  ; /home/ceo/Downloads/projeto_final/input_control.vhd ;         ;
+----------------------------------+-----------------+-----------------+-----------------------------------------------------+---------+


+-------------------------------------------------------+
; Analysis & Synthesis Resource Usage Summary           ;
+---------------------------------------------+---------+
; Resource                                    ; Usage   ;
+---------------------------------------------+---------+
; Estimated Total logic elements              ; 27      ;
;                                             ;         ;
; Total combinational functions               ; 27      ;
; Logic element usage by number of LUT inputs ;         ;
;     -- 4 input functions                    ; 0       ;
;     -- 3 input functions                    ; 27      ;
;     -- <=2 input functions                  ; 0       ;
;                                             ;         ;
; Logic elements by mode                      ;         ;
;     -- normal mode                          ; 27      ;
;     -- arithmetic mode                      ; 0       ;
;                                             ;         ;
; Total registers                             ; 0       ;
;     -- Dedicated logic registers            ; 0       ;
;     -- I/O registers                        ; 0       ;
;                                             ;         ;
; I/O pins                                    ; 35      ;
;                                             ;         ;
; Embedded Multiplier 9-bit elements          ; 0       ;
;                                             ;         ;
; Maximum fan-out node                        ; Mux26~0 ;
; Maximum fan-out                             ; 8       ;
; Total fan-out                               ; 140     ;
; Average fan-out                             ; 1.44    ;
+---------------------------------------------+---------+


+------------------------------------------------------------------------------------------------------------------------------------------------------------------------------------------------------------+
; Analysis & Synthesis Resource Utilization by Entity                                                                                                                                                        ;
+----------------------------+---------------------+---------------------------+-------------+--------------+---------+-----------+------+--------------+---------------------+---------------+--------------+
; Compilation Hierarchy Node ; Combinational ALUTs ; Dedicated Logic Registers ; Memory Bits ; DSP Elements ; DSP 9x9 ; DSP 18x18 ; Pins ; Virtual Pins ; Full Hierarchy Name ; Entity Name   ; Library Name ;
+----------------------------+---------------------+---------------------------+-------------+--------------+---------+-----------+------+--------------+---------------------+---------------+--------------+
; |input_control             ; 27 (27)             ; 0 (0)                     ; 0           ; 0            ; 0       ; 0         ; 35   ; 0            ; |input_control      ; input_control ; work         ;
+----------------------------+---------------------+---------------------------+-------------+--------------+---------+-----------+------+--------------+---------------------+---------------+--------------+
Note: For table entries with two numbers listed, the numbers in parentheses indicate the number of resources of the given type used by the specific entity alone. The numbers listed outside of parentheses indicate the total resources of the given type used by the specific entity and all of its sub-entities in the hierarchy.


+----------------------------------------------------------------------------------------------------+
; User-Specified and Inferred Latches                                                                ;
+-----------------------------------------------------+---------------------+------------------------+
; Latch Name                                          ; Latch Enable Signal ; Free of Timing Hazards ;
+-----------------------------------------------------+---------------------+------------------------+
; out_temp[0]$latch                                   ; Mux26               ; yes                    ;
; out_temp[1]$latch                                   ; Mux26               ; yes                    ;
; out_temp[2]$latch                                   ; Mux26               ; yes                    ;
; out_temp[3]$latch                                   ; Mux26               ; yes                    ;
; out_temp[4]$latch                                   ; Mux26               ; yes                    ;
; out_temp[5]$latch                                   ; Mux26               ; yes                    ;
; out_temp[6]$latch                                   ; Mux26               ; yes                    ;
; out_temp[7]$latch                                   ; Mux26               ; yes                    ;
; out_alt[0]$latch                                    ; Mux8                ; yes                    ;
; out_alt[1]$latch                                    ; Mux8                ; yes                    ;
; out_alt[2]$latch                                    ; Mux8                ; yes                    ;
; out_alt[3]$latch                                    ; Mux8                ; yes                    ;
; out_alt[4]$latch                                    ; Mux8                ; yes                    ;
; out_alt[5]$latch                                    ; Mux8                ; yes                    ;
; out_alt[6]$latch                                    ; Mux8                ; yes                    ;
; out_alt[7]$latch                                    ; Mux8                ; yes                    ;
; out_umi[0]$latch                                    ; Mux17               ; yes                    ;
; out_umi[1]$latch                                    ; Mux17               ; yes                    ;
; out_umi[2]$latch                                    ; Mux17               ; yes                    ;
; out_umi[3]$latch                                    ; Mux17               ; yes                    ;
; out_umi[4]$latch                                    ; Mux17               ; yes                    ;
; out_umi[5]$latch                                    ; Mux17               ; yes                    ;
; out_umi[6]$latch                                    ; Mux17               ; yes                    ;
; out_umi[7]$latch                                    ; Mux17               ; yes                    ;
; Number of user-specified and inferred latches = 24  ;                     ;                        ;
+-----------------------------------------------------+---------------------+------------------------+
Note: All latches listed above may not be present at the end of synthesis due to various synthesis optimizations.


+------------------------------------------------------+
; General Register Statistics                          ;
+----------------------------------------------+-------+
; Statistic                                    ; Value ;
+----------------------------------------------+-------+
; Total registers                              ; 0     ;
; Number of registers using Synchronous Clear  ; 0     ;
; Number of registers using Synchronous Load   ; 0     ;
; Number of registers using Asynchronous Clear ; 0     ;
; Number of registers using Asynchronous Load  ; 0     ;
; Number of registers using Clock Enable       ; 0     ;
; Number of registers using Preset             ; 0     ;
+----------------------------------------------+-------+


+------------------------------------------------------------------------------------------------------------------------------------------+
; Multiplexer Restructuring Statistics (Restructuring Performed)                                                                           ;
+--------------------+-----------+---------------+----------------------+------------------------+------------+----------------------------+
; Multiplexer Inputs ; Bus Width ; Baseline Area ; Area if Restructured ; Saving if Restructured ; Registered ; Example Multiplexer Output ;
+--------------------+-----------+---------------+----------------------+------------------------+------------+----------------------------+
; 1:1                ; 8 bits    ; 0 LEs         ; 0 LEs                ; 0 LEs                  ; No         ; |input_control|Mux0        ;
; 1:1                ; 8 bits    ; 0 LEs         ; 0 LEs                ; 0 LEs                  ; No         ; |input_control|Mux16       ;
; 1:1                ; 8 bits    ; 0 LEs         ; 0 LEs                ; 0 LEs                  ; No         ; |input_control|Mux25       ;
+--------------------+-----------+---------------+----------------------+------------------------+------------+----------------------------+


+-----------------------------------------------------+
; Post-Synthesis Netlist Statistics for Top Partition ;
+-----------------------+-----------------------------+
; Type                  ; Count                       ;
+-----------------------+-----------------------------+
; boundary_port         ; 35                          ;
; cycloneiii_lcell_comb ; 27                          ;
;     normal            ; 27                          ;
;         3 data inputs ; 27                          ;
;                       ;                             ;
; Max LUT depth         ; 2.00                        ;
; Average LUT depth     ; 1.48                        ;
+-----------------------+-----------------------------+


+-------------------------------+
; Elapsed Time Per Partition    ;
+----------------+--------------+
; Partition Name ; Elapsed Time ;
+----------------+--------------+
; Top            ; 00:00:00     ;
+----------------+--------------+


+-------------------------------+
; Analysis & Synthesis Messages ;
+-------------------------------+
Info: *******************************************************************
Info: Running Quartus Prime Analysis & Synthesis
    Info: Version 20.1.1 Build 720 11/11/2020 SJ Lite Edition
    Info: Processing started: Wed Oct  2 15:53:34 2024
Info: Command: quartus_map --read_settings_files=on --write_settings_files=off Features_Monitor -c Features_Monitor
Warning (18236): Number of processors has not been specified which may cause overloading on shared machines.  Set the global assignment NUM_PARALLEL_PROCESSORS in your QSF to an appropriate value for best performance.
Info (20030): Parallel compilation is enabled and will use 4 of the 4 processors detected
Info (12021): Found 2 design units, including 1 entities, in source file main_testbench.vhd
    Info (12022): Found design unit 1: main_testbench-main File: /home/ceo/Downloads/projeto_final/main_testbench.vhd Line: 8
    Info (12023): Found entity 1: main_testbench File: /home/ceo/Downloads/projeto_final/main_testbench.vhd Line: 4
Info (12021): Found 2 design units, including 1 entities, in source file altitude_module_testbench.vhd
    Info (12022): Found design unit 1: testbench_altitude-main File: /home/ceo/Downloads/projeto_final/altitude_module_testbench.vhd Line: 9
    Info (12023): Found entity 1: testbench_altitude File: /home/ceo/Downloads/projeto_final/altitude_module_testbench.vhd Line: 6
Info (12021): Found 2 design units, including 1 entities, in source file cronometro_testbench.vhd
    Info (12022): Found design unit 1: testbench_cronometro-main File: /home/ceo/Downloads/projeto_final/cronometro_testbench.vhd Line: 8
    Info (12023): Found entity 1: testbench_cronometro File: /home/ceo/Downloads/projeto_final/cronometro_testbench.vhd Line: 5
Info (12021): Found 2 design units, including 1 entities, in source file central_alarmes_testbench.vhd
    Info (12022): Found design unit 1: testbench_central_alarmes-main File: /home/ceo/Downloads/projeto_final/central_alarmes_testbench.vhd Line: 7
    Info (12023): Found entity 1: testbench_central_alarmes File: /home/ceo/Downloads/projeto_final/central_alarmes_testbench.vhd Line: 4
Info (12021): Found 2 design units, including 1 entities, in source file central_alarmes.vhd
    Info (12022): Found design unit 1: central_alarmes-main File: /home/ceo/Downloads/projeto_final/central_alarmes.vhd Line: 17
    Info (12023): Found entity 1: central_alarmes File: /home/ceo/Downloads/projeto_final/central_alarmes.vhd Line: 4
Info (12021): Found 2 design units, including 1 entities, in source file cronometro.vhd
    Info (12022): Found design unit 1: cronometro-main File: /home/ceo/Downloads/projeto_final/cronometro.vhd Line: 21
    Info (12023): Found entity 1: cronometro File: /home/ceo/Downloads/projeto_final/cronometro.vhd Line: 6
Info (12021): Found 2 design units, including 1 entities, in source file display.vhd
    Info (12022): Found design unit 1: display-arch_display_test File: /home/ceo/Downloads/projeto_final/display.vhd Line: 17
    Info (12023): Found entity 1: display File: /home/ceo/Downloads/projeto_final/display.vhd Line: 5
Info (12021): Found 2 design units, including 1 entities, in source file input_control.vhd
    Info (12022): Found design unit 1: input_control-main File: /home/ceo/Downloads/projeto_final/input_control.vhd Line: 12
    Info (12023): Found entity 1: input_control File: /home/ceo/Downloads/projeto_final/input_control.vhd Line: 4
Info (12021): Found 2 design units, including 1 entities, in source file altitude_module.vhd
    Info (12022): Found design unit 1: altitude_module-arch_altitude File: /home/ceo/Downloads/projeto_final/altitude_module.vhd Line: 17
    Info (12023): Found entity 1: altitude_module File: /home/ceo/Downloads/projeto_final/altitude_module.vhd Line: 6
Info (12021): Found 2 design units, including 1 entities, in source file minutes_second_module.vhd
    Info (12022): Found design unit 1: minutes_second_module-arch_minutes_second File: /home/ceo/Downloads/projeto_final/minutes_second_module.vhd Line: 13
    Info (12023): Found entity 1: minutes_second_module File: /home/ceo/Downloads/projeto_final/minutes_second_module.vhd Line: 6
Info (12021): Found 2 design units, including 1 entities, in source file umidade_module.vhd
    Info (12022): Found design unit 1: umidade_module-umidade_main File: /home/ceo/Downloads/projeto_final/umidade_module.vhd Line: 13
    Info (12023): Found entity 1: umidade_module File: /home/ceo/Downloads/projeto_final/umidade_module.vhd Line: 5
Info (12021): Found 2 design units, including 1 entities, in source file system_core.vhd
    Info (12022): Found design unit 1: system_core-Behavioral File: /home/ceo/Downloads/projeto_final/system_core.vhd Line: 24
    Info (12023): Found entity 1: system_core File: /home/ceo/Downloads/projeto_final/system_core.vhd Line: 6
Info (12021): Found 2 design units, including 1 entities, in source file temp_module.vhd
    Info (12022): Found design unit 1: temp_module-main File: /home/ceo/Downloads/projeto_final/temp_module.vhd Line: 15
    Info (12023): Found entity 1: temp_module File: /home/ceo/Downloads/projeto_final/temp_module.vhd Line: 6
Info (12021): Found 2 design units, including 1 entities, in source file button_process.vhd
    Info (12022): Found design unit 1: button_process-arch_button File: /home/ceo/Downloads/projeto_final/button_process.vhd Line: 18
    Info (12023): Found entity 1: button_process File: /home/ceo/Downloads/projeto_final/button_process.vhd Line: 5
Info (12021): Found 1 design units, including 1 entities, in source file main.bdf
    Info (12023): Found entity 1: main
Info (12021): Found 1 design units, including 1 entities, in source file main_instrumented.bdf
    Info (12023): Found entity 1: main_instrumented
Info (12021): Found 2 design units, including 1 entities, in source file main_generated_source.vhd
    Info (12022): Found design unit 1: main_generated_source-bdf_type File: /home/ceo/Downloads/projeto_final/main_generated_source.vhd Line: 50
    Info (12023): Found entity 1: main_generated_source File: /home/ceo/Downloads/projeto_final/main_generated_source.vhd Line: 25
Info (12127): Elaborating entity "input_control" for the top level hierarchy
Warning (10631): VHDL Process Statement warning at input_control.vhd(15): inferring latch(es) for signal or variable "out_temp", which holds its previous value in one or more paths through the process File: /home/ceo/Downloads/projeto_final/input_control.vhd Line: 15
Warning (10631): VHDL Process Statement warning at input_control.vhd(15): inferring latch(es) for signal or variable "out_umi", which holds its previous value in one or more paths through the process File: /home/ceo/Downloads/projeto_final/input_control.vhd Line: 15
Warning (10631): VHDL Process Statement warning at input_control.vhd(15): inferring latch(es) for signal or variable "out_alt", which holds its previous value in one or more paths through the process File: /home/ceo/Downloads/projeto_final/input_control.vhd Line: 15
Info (10041): Inferred latch for "out_alt[0]" at input_control.vhd(15) File: /home/ceo/Downloads/projeto_final/input_control.vhd Line: 15
Info (10041): Inferred latch for "out_alt[1]" at input_control.vhd(15) File: /home/ceo/Downloads/projeto_final/input_control.vhd Line: 15
Info (10041): Inferred latch for "out_alt[2]" at input_control.vhd(15) File: /home/ceo/Downloads/projeto_final/input_control.vhd Line: 15
Info (10041): Inferred latch for "out_alt[3]" at input_control.vhd(15) File: /home/ceo/Downloads/projeto_final/input_control.vhd Line: 15
Info (10041): Inferred latch for "out_alt[4]" at input_control.vhd(15) File: /home/ceo/Downloads/projeto_final/input_control.vhd Line: 15
Info (10041): Inferred latch for "out_alt[5]" at input_control.vhd(15) File: /home/ceo/Downloads/projeto_final/input_control.vhd Line: 15
Info (10041): Inferred latch for "out_alt[6]" at input_control.vhd(15) File: /home/ceo/Downloads/projeto_final/input_control.vhd Line: 15
Info (10041): Inferred latch for "out_alt[7]" at input_control.vhd(15) File: /home/ceo/Downloads/projeto_final/input_control.vhd Line: 15
Info (10041): Inferred latch for "out_umi[0]" at input_control.vhd(15) File: /home/ceo/Downloads/projeto_final/input_control.vhd Line: 15
Info (10041): Inferred latch for "out_umi[1]" at input_control.vhd(15) File: /home/ceo/Downloads/projeto_final/input_control.vhd Line: 15
Info (10041): Inferred latch for "out_umi[2]" at input_control.vhd(15) File: /home/ceo/Downloads/projeto_final/input_control.vhd Line: 15
Info (10041): Inferred latch for "out_umi[3]" at input_control.vhd(15) File: /home/ceo/Downloads/projeto_final/input_control.vhd Line: 15
Info (10041): Inferred latch for "out_umi[4]" at input_control.vhd(15) File: /home/ceo/Downloads/projeto_final/input_control.vhd Line: 15
Info (10041): Inferred latch for "out_umi[5]" at input_control.vhd(15) File: /home/ceo/Downloads/projeto_final/input_control.vhd Line: 15
Info (10041): Inferred latch for "out_umi[6]" at input_control.vhd(15) File: /home/ceo/Downloads/projeto_final/input_control.vhd Line: 15
Info (10041): Inferred latch for "out_umi[7]" at input_control.vhd(15) File: /home/ceo/Downloads/projeto_final/input_control.vhd Line: 15
Info (10041): Inferred latch for "out_temp[0]" at input_control.vhd(15) File: /home/ceo/Downloads/projeto_final/input_control.vhd Line: 15
Info (10041): Inferred latch for "out_temp[1]" at input_control.vhd(15) File: /home/ceo/Downloads/projeto_final/input_control.vhd Line: 15
Info (10041): Inferred latch for "out_temp[2]" at input_control.vhd(15) File: /home/ceo/Downloads/projeto_final/input_control.vhd Line: 15
Info (10041): Inferred latch for "out_temp[3]" at input_control.vhd(15) File: /home/ceo/Downloads/projeto_final/input_control.vhd Line: 15
Info (10041): Inferred latch for "out_temp[4]" at input_control.vhd(15) File: /home/ceo/Downloads/projeto_final/input_control.vhd Line: 15
Info (10041): Inferred latch for "out_temp[5]" at input_control.vhd(15) File: /home/ceo/Downloads/projeto_final/input_control.vhd Line: 15
Info (10041): Inferred latch for "out_temp[6]" at input_control.vhd(15) File: /home/ceo/Downloads/projeto_final/input_control.vhd Line: 15
Info (10041): Inferred latch for "out_temp[7]" at input_control.vhd(15) File: /home/ceo/Downloads/projeto_final/input_control.vhd Line: 15
Info (286030): Timing-Driven Synthesis is running
Info (16010): Generating hard_block partition "hard_block:auto_generated_inst"
    Info (16011): Adding 0 node(s), including 0 DDIO, 0 PLL, 0 transceiver and 0 LCELL
Info (21057): Implemented 62 device resources after synthesis - the final resource count might be different
    Info (21058): Implemented 11 input pins
    Info (21059): Implemented 24 output pins
    Info (21061): Implemented 27 logic cells
Info: Quartus Prime Analysis & Synthesis was successful. 0 errors, 4 warnings
    Info: Peak virtual memory: 432 megabytes
    Info: Processing ended: Wed Oct  2 15:53:41 2024
    Info: Elapsed time: 00:00:07
    Info: Total CPU time (on all processors): 00:00:16


